<?xml version="1.0" encoding="UTF-8"?>
<!-- Generated by org.testng.reporters.JUnitReportReporter -->
<testsuite hostname="DESKTOP-72J7IOT" failures="0" tests="6" name="Storedprocedure_testing.SP_Testing" time="0.363" errors="0" timestamp="2022-10-18T09:48:49 IST" skipped="0">
  <testcase classname="Storedprocedure_testing.SP_Testing" name="test_storedproceduresExists" time="0.100"/>
  <system-out/>
  <testcase classname="Storedprocedure_testing.SP_Testing" name="test_AllCostomers" time="0.192"/>
  <system-out/>
  <testcase classname="Storedprocedure_testing.SP_Testing" name="Test_SelectAllCustomersByCity" time="0.021"/>
  <system-out/>
  <testcase classname="Storedprocedure_testing.SP_Testing" name="Test_SelectAllCustomersByCityAndPin" time="0.016"/>
  <system-out/>
  <testcase classname="Storedprocedure_testing.SP_Testing" name="Test_get_order_by_customer" time="0.020"/>
  <system-out/>
  <testcase classname="Storedprocedure_testing.SP_Testing" name="Test_GetCustomerSipping" time="0.014"/>
  <system-out/>
</testsuite> <!-- Storedprocedure_testing.SP_Testing -->
