<?xml version="1.0" encoding="UTF-8"?>
<!-- Generated by org.testng.reporters.JUnitReportReporter -->
<testsuite hostname="DESKTOP-72J7IOT" failures="0" tests="3" name="StoredFunction_Testing.SF_Testing" time="0.171" errors="0" timestamp="2022-09-29T19:33:21 IST" skipped="0">
  <testcase classname="StoredFunction_Testing.SF_Testing" name="test_storedfunctionExists" time="0.073"/>
  <system-out/>
  <testcase classname="StoredFunction_Testing.SF_Testing" name="Test_CustomerLevel" time="0.038"/>
  <system-out/>
  <testcase classname="StoredFunction_Testing.SF_Testing" name="Test_GetCustomerLevelByID" time="0.060"/>
  <system-out/>
</testsuite> <!-- StoredFunction_Testing.SF_Testing -->
